INFO, org.springframework.boot.StartupInfoLogger logStarting [Starting HotelManagementApplicationBackApplication using Java 17.0.2 on LAPTOP-FKJD5OO5 with PID 6068 (E:\springBoot\HotelManagementApplicationBack\target\classes started by shanm in E:\springBoot\HotelManagementApplicationBack)] 
INFO, org.springframework.boot.SpringApplication logStartupProfileInfo [No active profile set, falling back to 1 default profile: "default"] 
INFO, org.springframework.boot.logging.DeferredLog logTo [Devtools property defaults active! Set 'spring.devtools.add-properties' to 'false' to disable] 
INFO, org.springframework.boot.logging.DeferredLog logTo [For additional web related logging consider setting the 'logging.level.web' property to 'DEBUG'] 
INFO, org.springframework.data.repository.config.RepositoryConfigurationDelegate registerRepositoriesIn [Bootstrapping Spring Data JPA repositories in DEFAULT mode.] 
INFO, org.springframework.data.repository.config.RepositoryConfigurationDelegate registerRepositoriesIn [Finished Spring Data repository scanning in 119 ms. Found 5 JPA repository interfaces.] 
INFO, org.springframework.boot.web.embedded.tomcat.TomcatWebServer initialize [Tomcat initialized with port(s): 8080 (http)] 
INFO, org.apache.juli.logging.DirectJDKLog log [Starting service [Tomcat]] 
INFO, org.apache.juli.logging.DirectJDKLog log [Starting Servlet engine: [Apache Tomcat/9.0.62]] 
INFO, org.apache.juli.logging.DirectJDKLog log [Initializing Spring embedded WebApplicationContext] 
INFO, org.springframework.boot.web.servlet.context.ServletWebServerApplicationContext prepareWebApplicationContext [Root WebApplicationContext: initialization completed in 3174 ms] 
WARN, org.springframework.boot.autoconfigure.orm.jpa.JpaBaseConfiguration$JpaWebConfiguration openEntityManagerInViewInterceptor [spring.jpa.open-in-view is enabled by default. Therefore, database queries may be performed during view rendering. Explicitly configure spring.jpa.open-in-view to disable this warning] 
INFO, org.hibernate.jpa.internal.util.LogHelper logPersistenceUnitInformation [HHH000204: Processing PersistenceUnitInfo [name: default]] 
INFO, org.hibernate.Version logVersion [HHH000412: Hibernate ORM core version 5.6.8.Final] 
INFO, org.hibernate.annotations.common.reflection.java.JavaReflectionManager <clinit> [HCANN000001: Hibernate Commons Annotations {5.1.2.Final}] 
INFO, com.zaxxer.hikari.HikariDataSource getConnection [HikariPool-1 - Starting...] 
INFO, com.zaxxer.hikari.HikariDataSource getConnection [HikariPool-1 - Start completed.] 
INFO, org.hibernate.dialect.Dialect <init> [HHH000400: Using dialect: org.hibernate.dialect.MySQL8Dialect] 
INFO, org.hibernate.engine.transaction.jta.platform.internal.JtaPlatformInitiator initiateService [HHH000490: Using JtaPlatform implementation: [org.hibernate.engine.transaction.jta.platform.internal.NoJtaPlatform]] 
INFO, org.springframework.orm.jpa.AbstractEntityManagerFactoryBean buildNativeEntityManagerFactory [Initialized JPA EntityManagerFactory for persistence unit 'default'] 
INFO, org.springframework.boot.web.servlet.RegistrationBean onStartup [Filter jwtAuthenticationFilter was not registered (disabled)] 
WARN, org.springframework.security.config.annotation.web.builders.WebSecurity performBuild [You are asking Spring Security to ignore Ant [pattern='/signIn']. This is not recommended -- please use permitAll via HttpSecurity#authorizeHttpRequests instead.] 
INFO, org.springframework.security.web.DefaultSecurityFilterChain <init> [Will not secure Ant [pattern='/signIn']] 
WARN, org.springframework.security.config.annotation.web.builders.WebSecurity performBuild [You are asking Spring Security to ignore Ant [pattern='/signUp']. This is not recommended -- please use permitAll via HttpSecurity#authorizeHttpRequests instead.] 
INFO, org.springframework.security.web.DefaultSecurityFilterChain <init> [Will not secure Ant [pattern='/signUp']] 
WARN, org.springframework.security.config.annotation.web.builders.WebSecurity performBuild [You are asking Spring Security to ignore Ant [pattern='/get-user']. This is not recommended -- please use permitAll via HttpSecurity#authorizeHttpRequests instead.] 
INFO, org.springframework.security.web.DefaultSecurityFilterChain <init> [Will not secure Ant [pattern='/get-user']] 
WARN, org.springframework.security.config.annotation.web.builders.WebSecurity performBuild [You are asking Spring Security to ignore Ant [pattern='/change-user-pass']. This is not recommended -- please use permitAll via HttpSecurity#authorizeHttpRequests instead.] 
INFO, org.springframework.security.web.DefaultSecurityFilterChain <init> [Will not secure Ant [pattern='/change-user-pass']] 
INFO, org.springframework.security.web.DefaultSecurityFilterChain <init> [Will secure any request with [org.springframework.security.web.context.request.async.WebAsyncManagerIntegrationFilter@106a572d, org.springframework.security.web.context.SecurityContextPersistenceFilter@73b5610e, org.springframework.security.web.header.HeaderWriterFilter@35a4810c, org.springframework.web.filter.CorsFilter@1fcceba7, org.springframework.security.web.authentication.logout.LogoutFilter@3cc8983b, com.example.demo.filters.JwtAuthenticationFilter@385e7531, org.springframework.security.web.savedrequest.RequestCacheAwareFilter@76aa3795, org.springframework.security.web.servletapi.SecurityContextHolderAwareRequestFilter@7f2372cc, org.springframework.security.web.authentication.AnonymousAuthenticationFilter@4df17a47, org.springframework.security.web.session.SessionManagementFilter@7ed07e34, org.springframework.security.web.access.ExceptionTranslationFilter@7327805c, org.springframework.security.web.access.intercept.FilterSecurityInterceptor@4750427a]] 
INFO, org.springframework.boot.devtools.autoconfigure.OptionalLiveReloadServer startServer [LiveReload server is running on port 35729] 
INFO, org.springframework.boot.web.embedded.tomcat.TomcatWebServer start [Tomcat started on port(s): 8080 (http) with context path ''] 
INFO, org.springframework.boot.StartupInfoLogger logStarted [Started HotelManagementApplicationBackApplication in 9.027 seconds (JVM running for 9.789)] 
INFO, org.apache.juli.logging.DirectJDKLog log [Initializing Spring DispatcherServlet 'dispatcherServlet'] 
INFO, org.springframework.web.servlet.FrameworkServlet initServletBean [Initializing Servlet 'dispatcherServlet'] 
INFO, org.springframework.web.servlet.FrameworkServlet initServletBean [Completed initialization in 4 ms] 
INFO, com.example.demo.controllers.AuthenticationController signIn [authentication object initializing in try block] 
INFO, com.example.demo.controllers.AuthenticationController signIn [calling generateToken method for generating the token] 
INFO, com.example.demo.controllers.AuthenticationController signIn [creating user response object to pass the jwt token and roles to the user] 
INFO, com.example.demo.controllers.AuthenticationController signIn [shanu try to sign your application] 
INFO, org.springframework.orm.jpa.AbstractEntityManagerFactoryBean destroy [Closing JPA EntityManagerFactory for persistence unit 'default'] 
INFO, com.zaxxer.hikari.HikariDataSource close [HikariPool-1 - Shutdown initiated...] 
INFO, com.zaxxer.hikari.HikariDataSource close [HikariPool-1 - Shutdown completed.] 
INFO, org.springframework.boot.StartupInfoLogger logStarting [Starting HotelManagementApplicationBackApplication using Java 17.0.2 on LAPTOP-FKJD5OO5 with PID 6068 (E:\springBoot\HotelManagementApplicationBack\target\classes started by shanm in E:\springBoot\HotelManagementApplicationBack)] 
INFO, org.springframework.boot.SpringApplication logStartupProfileInfo [No active profile set, falling back to 1 default profile: "default"] 
INFO, org.springframework.data.repository.config.RepositoryConfigurationDelegate registerRepositoriesIn [Bootstrapping Spring Data JPA repositories in DEFAULT mode.] 
INFO, org.springframework.data.repository.config.RepositoryConfigurationDelegate registerRepositoriesIn [Finished Spring Data repository scanning in 41 ms. Found 5 JPA repository interfaces.] 
INFO, org.springframework.boot.web.embedded.tomcat.TomcatWebServer initialize [Tomcat initialized with port(s): 8080 (http)] 
INFO, org.apache.juli.logging.DirectJDKLog log [Starting service [Tomcat]] 
INFO, org.apache.juli.logging.DirectJDKLog log [Starting Servlet engine: [Apache Tomcat/9.0.62]] 
INFO, org.apache.juli.logging.DirectJDKLog log [Initializing Spring embedded WebApplicationContext] 
INFO, org.springframework.boot.web.servlet.context.ServletWebServerApplicationContext prepareWebApplicationContext [Root WebApplicationContext: initialization completed in 545 ms] 
WARN, org.springframework.boot.autoconfigure.orm.jpa.JpaBaseConfiguration$JpaWebConfiguration openEntityManagerInViewInterceptor [spring.jpa.open-in-view is enabled by default. Therefore, database queries may be performed during view rendering. Explicitly configure spring.jpa.open-in-view to disable this warning] 
INFO, org.hibernate.jpa.internal.util.LogHelper logPersistenceUnitInformation [HHH000204: Processing PersistenceUnitInfo [name: default]] 
INFO, com.zaxxer.hikari.HikariDataSource getConnection [HikariPool-2 - Starting...] 
INFO, com.zaxxer.hikari.HikariDataSource getConnection [HikariPool-2 - Start completed.] 
INFO, org.hibernate.dialect.Dialect <init> [HHH000400: Using dialect: org.hibernate.dialect.MySQL8Dialect] 
INFO, org.hibernate.engine.transaction.jta.platform.internal.JtaPlatformInitiator initiateService [HHH000490: Using JtaPlatform implementation: [org.hibernate.engine.transaction.jta.platform.internal.NoJtaPlatform]] 
INFO, org.springframework.orm.jpa.AbstractEntityManagerFactoryBean buildNativeEntityManagerFactory [Initialized JPA EntityManagerFactory for persistence unit 'default'] 
INFO, org.springframework.boot.web.servlet.RegistrationBean onStartup [Filter jwtAuthenticationFilter was not registered (disabled)] 
WARN, org.springframework.security.config.annotation.web.builders.WebSecurity performBuild [You are asking Spring Security to ignore Ant [pattern='/signIn']. This is not recommended -- please use permitAll via HttpSecurity#authorizeHttpRequests instead.] 
INFO, org.springframework.security.web.DefaultSecurityFilterChain <init> [Will not secure Ant [pattern='/signIn']] 
WARN, org.springframework.security.config.annotation.web.builders.WebSecurity performBuild [You are asking Spring Security to ignore Ant [pattern='/signUp']. This is not recommended -- please use permitAll via HttpSecurity#authorizeHttpRequests instead.] 
INFO, org.springframework.security.web.DefaultSecurityFilterChain <init> [Will not secure Ant [pattern='/signUp']] 
WARN, org.springframework.security.config.annotation.web.builders.WebSecurity performBuild [You are asking Spring Security to ignore Ant [pattern='/get-user']. This is not recommended -- please use permitAll via HttpSecurity#authorizeHttpRequests instead.] 
INFO, org.springframework.security.web.DefaultSecurityFilterChain <init> [Will not secure Ant [pattern='/get-user']] 
WARN, org.springframework.security.config.annotation.web.builders.WebSecurity performBuild [You are asking Spring Security to ignore Ant [pattern='/change-user-pass']. This is not recommended -- please use permitAll via HttpSecurity#authorizeHttpRequests instead.] 
INFO, org.springframework.security.web.DefaultSecurityFilterChain <init> [Will not secure Ant [pattern='/change-user-pass']] 
INFO, org.springframework.security.web.DefaultSecurityFilterChain <init> [Will secure any request with [org.springframework.security.web.context.request.async.WebAsyncManagerIntegrationFilter@2820133d, org.springframework.security.web.context.SecurityContextPersistenceFilter@689ab3e4, org.springframework.security.web.header.HeaderWriterFilter@205512f3, org.springframework.web.filter.CorsFilter@70719046, org.springframework.security.web.authentication.logout.LogoutFilter@a58bf32, com.example.demo.filters.JwtAuthenticationFilter@3927d983, org.springframework.security.web.savedrequest.RequestCacheAwareFilter@161f56ae, org.springframework.security.web.servletapi.SecurityContextHolderAwareRequestFilter@1e551c14, org.springframework.security.web.authentication.AnonymousAuthenticationFilter@266a2aee, org.springframework.security.web.session.SessionManagementFilter@7ebae4cb, org.springframework.security.web.access.ExceptionTranslationFilter@54e553da, org.springframework.security.web.access.intercept.FilterSecurityInterceptor@3528d99e]] 
INFO, org.springframework.boot.devtools.autoconfigure.OptionalLiveReloadServer startServer [LiveReload server is running on port 35729] 
INFO, org.springframework.boot.web.embedded.tomcat.TomcatWebServer start [Tomcat started on port(s): 8080 (http) with context path ''] 
INFO, org.springframework.boot.StartupInfoLogger logStarted [Started HotelManagementApplicationBackApplication in 1.431 seconds (JVM running for 770.513)] 
INFO, org.springframework.boot.devtools.autoconfigure.ConditionEvaluationDeltaLoggingListener onApplicationEvent [Condition evaluation unchanged] 
INFO, org.apache.juli.logging.DirectJDKLog log [Initializing Spring DispatcherServlet 'dispatcherServlet'] 
INFO, org.springframework.web.servlet.FrameworkServlet initServletBean [Initializing Servlet 'dispatcherServlet'] 
INFO, org.springframework.web.servlet.FrameworkServlet initServletBean [Completed initialization in 1 ms] 
WARN, org.apache.juli.logging.DirectJDKLog log [Creation of SecureRandom instance for session ID generation using [SHA1PRNG] took [281] milliseconds.] 
INFO, org.springframework.orm.jpa.AbstractEntityManagerFactoryBean destroy [Closing JPA EntityManagerFactory for persistence unit 'default'] 
INFO, com.zaxxer.hikari.HikariDataSource close [HikariPool-2 - Shutdown initiated...] 
INFO, com.zaxxer.hikari.HikariDataSource close [HikariPool-2 - Shutdown completed.] 
INFO, org.springframework.boot.StartupInfoLogger logStarting [Starting HotelManagementApplicationBackApplication using Java 17.0.2 on LAPTOP-FKJD5OO5 with PID 6068 (E:\springBoot\HotelManagementApplicationBack\target\classes started by shanm in E:\springBoot\HotelManagementApplicationBack)] 
INFO, org.springframework.boot.SpringApplication logStartupProfileInfo [No active profile set, falling back to 1 default profile: "default"] 
INFO, org.springframework.data.repository.config.RepositoryConfigurationDelegate registerRepositoriesIn [Bootstrapping Spring Data JPA repositories in DEFAULT mode.] 
INFO, org.springframework.data.repository.config.RepositoryConfigurationDelegate registerRepositoriesIn [Finished Spring Data repository scanning in 29 ms. Found 5 JPA repository interfaces.] 
INFO, org.springframework.boot.web.embedded.tomcat.TomcatWebServer initialize [Tomcat initialized with port(s): 8080 (http)] 
INFO, org.apache.juli.logging.DirectJDKLog log [Starting service [Tomcat]] 
INFO, org.apache.juli.logging.DirectJDKLog log [Starting Servlet engine: [Apache Tomcat/9.0.62]] 
INFO, org.apache.juli.logging.DirectJDKLog log [Initializing Spring embedded WebApplicationContext] 
INFO, org.springframework.boot.web.servlet.context.ServletWebServerApplicationContext prepareWebApplicationContext [Root WebApplicationContext: initialization completed in 425 ms] 
WARN, org.springframework.boot.autoconfigure.orm.jpa.JpaBaseConfiguration$JpaWebConfiguration openEntityManagerInViewInterceptor [spring.jpa.open-in-view is enabled by default. Therefore, database queries may be performed during view rendering. Explicitly configure spring.jpa.open-in-view to disable this warning] 
INFO, org.hibernate.jpa.internal.util.LogHelper logPersistenceUnitInformation [HHH000204: Processing PersistenceUnitInfo [name: default]] 
INFO, com.zaxxer.hikari.HikariDataSource getConnection [HikariPool-3 - Starting...] 
INFO, com.zaxxer.hikari.HikariDataSource getConnection [HikariPool-3 - Start completed.] 
INFO, org.hibernate.dialect.Dialect <init> [HHH000400: Using dialect: org.hibernate.dialect.MySQL8Dialect] 
INFO, org.hibernate.engine.transaction.jta.platform.internal.JtaPlatformInitiator initiateService [HHH000490: Using JtaPlatform implementation: [org.hibernate.engine.transaction.jta.platform.internal.NoJtaPlatform]] 
INFO, org.springframework.orm.jpa.AbstractEntityManagerFactoryBean buildNativeEntityManagerFactory [Initialized JPA EntityManagerFactory for persistence unit 'default'] 
INFO, org.springframework.boot.web.servlet.RegistrationBean onStartup [Filter jwtAuthenticationFilter was not registered (disabled)] 
WARN, org.springframework.security.config.annotation.web.builders.WebSecurity performBuild [You are asking Spring Security to ignore Ant [pattern='/signIn']. This is not recommended -- please use permitAll via HttpSecurity#authorizeHttpRequests instead.] 
INFO, org.springframework.security.web.DefaultSecurityFilterChain <init> [Will not secure Ant [pattern='/signIn']] 
WARN, org.springframework.security.config.annotation.web.builders.WebSecurity performBuild [You are asking Spring Security to ignore Ant [pattern='/signUp']. This is not recommended -- please use permitAll via HttpSecurity#authorizeHttpRequests instead.] 
INFO, org.springframework.security.web.DefaultSecurityFilterChain <init> [Will not secure Ant [pattern='/signUp']] 
WARN, org.springframework.security.config.annotation.web.builders.WebSecurity performBuild [You are asking Spring Security to ignore Ant [pattern='/get-user']. This is not recommended -- please use permitAll via HttpSecurity#authorizeHttpRequests instead.] 
INFO, org.springframework.security.web.DefaultSecurityFilterChain <init> [Will not secure Ant [pattern='/get-user']] 
WARN, org.springframework.security.config.annotation.web.builders.WebSecurity performBuild [You are asking Spring Security to ignore Ant [pattern='/change-user-pass']. This is not recommended -- please use permitAll via HttpSecurity#authorizeHttpRequests instead.] 
INFO, org.springframework.security.web.DefaultSecurityFilterChain <init> [Will not secure Ant [pattern='/change-user-pass']] 
INFO, org.springframework.security.web.DefaultSecurityFilterChain <init> [Will secure any request with [org.springframework.security.web.context.request.async.WebAsyncManagerIntegrationFilter@54e9d750, org.springframework.security.web.context.SecurityContextPersistenceFilter@3f2b1be1, org.springframework.security.web.header.HeaderWriterFilter@27d4bc4d, org.springframework.web.filter.CorsFilter@347e9b1f, org.springframework.security.web.authentication.logout.LogoutFilter@6dd955d, com.example.demo.filters.JwtAuthenticationFilter@45f6dbfd, org.springframework.security.web.savedrequest.RequestCacheAwareFilter@62a41d9c, org.springframework.security.web.servletapi.SecurityContextHolderAwareRequestFilter@6010f351, org.springframework.security.web.authentication.AnonymousAuthenticationFilter@fb0b84f, org.springframework.security.web.session.SessionManagementFilter@5d6b969b, org.springframework.security.web.access.ExceptionTranslationFilter@19888b4b, org.springframework.security.web.access.intercept.FilterSecurityInterceptor@1ea2f56a]] 
INFO, org.springframework.boot.devtools.autoconfigure.OptionalLiveReloadServer startServer [LiveReload server is running on port 35729] 
INFO, org.springframework.boot.web.embedded.tomcat.TomcatWebServer start [Tomcat started on port(s): 8080 (http) with context path ''] 
INFO, org.springframework.boot.StartupInfoLogger logStarted [Started HotelManagementApplicationBackApplication in 1.141 seconds (JVM running for 1228.226)] 
INFO, org.springframework.boot.devtools.autoconfigure.ConditionEvaluationDeltaLoggingListener onApplicationEvent [Condition evaluation unchanged] 
INFO, org.apache.juli.logging.DirectJDKLog log [Initializing Spring DispatcherServlet 'dispatcherServlet'] 
INFO, org.springframework.web.servlet.FrameworkServlet initServletBean [Initializing Servlet 'dispatcherServlet'] 
INFO, org.springframework.web.servlet.FrameworkServlet initServletBean [Completed initialization in 2 ms] 
INFO, com.example.demo.controllers.AuthenticationController signIn [authentication object initializing in try block] 
INFO, com.example.demo.controllers.AuthenticationController signIn [calling generateToken method for generating the token] 
INFO, com.example.demo.controllers.AuthenticationController signIn [creating user response object to pass the jwt token and roles to the user] 
INFO, com.example.demo.controllers.AuthenticationController signIn [shanu try to sign your application] 
INFO, com.example.demo.controllers.AuthenticationController signIn [authentication object initializing in try block] 
INFO, com.example.demo.controllers.AuthenticationController signIn [calling generateToken method for generating the token] 
INFO, com.example.demo.controllers.AuthenticationController signIn [creating user response object to pass the jwt token and roles to the user] 
INFO, com.example.demo.controllers.AuthenticationController signIn [shanu try to sign your application] 
INFO, com.example.demo.controllers.AuthenticationController signIn [authentication object initializing in try block] 
INFO, com.example.demo.controllers.AuthenticationController signIn [calling generateToken method for generating the token] 
INFO, com.example.demo.controllers.AuthenticationController signIn [creating user response object to pass the jwt token and roles to the user] 
INFO, com.example.demo.controllers.AuthenticationController signIn [shanu try to sign your application] 
WARN, com.zaxxer.hikari.pool.HikariPool$HouseKeeper run [HikariPool-3 - Thread starvation or clock leap detected (housekeeper delta=11m22s753ms147µs400ns).] 
WARN, com.zaxxer.hikari.pool.HikariPool$HouseKeeper run [HikariPool-3 - Thread starvation or clock leap detected (housekeeper delta=21m58s913ms411µs200ns).] 
